  camera.cpp
  Origem.cpp
C:\GitHub\Erick-SombraProjetada\CG - Geometry Shader\Project\Project\Origem.cpp(30,29): warning C4305: 'inicializando': truncamento de 'double' para 'float'
C:\GitHub\Erick-SombraProjetada\CG - Geometry Shader\Project\Project\Origem.cpp(56,24): warning C4305: '*=': truncamento de 'double' para 'float'
C:\GitHub\Erick-SombraProjetada\CG - Geometry Shader\Project\Project\Origem.cpp(61,24): warning C4305: '*=': truncamento de 'double' para 'float'
C:\GitHub\Erick-SombraProjetada\CG - Geometry Shader\Project\Project\Origem.cpp(66,25): warning C4305: '=': truncamento de 'double' para 'float'
C:\GitHub\Erick-SombraProjetada\CG - Geometry Shader\Project\Project\Origem.cpp(141,23): warning C4267: 'inicializando': conversão de 'size_t' para 'int', possível perda de dados
  shader.cpp
  Texture.cpp
  Gerando Código...
  SOIL.lib(SOIL.obj) : MSIL .netmodule ou módulo compilado com /GL encontrado; reiniciando link com /LTCG; adicione /LTCG ao link da linha de comando para melhorar performance do vinculador
LINK : warning LNK4075: ignorando '/INCREMENTAL' devido a especificação '/LTCG'
LINK : warning LNK4098: defaultlib 'MSVCRT' conflita com uso de outras bibliotecas; use /NODEFAULTLIB:library
  Gerando código
  Finalizada a geração de código
SOIL.lib(SOIL.obj) : warning LNK4099: PDB 'vc110.pdb' não foi encontrado 'SOIL.lib(SOIL.obj)' ou no 'C:\GitHub\Erick-SombraProjetada\CG - Geometry Shader\Project\x64\Debug\vc110.pdb'; vinculando objeto quando quando sem nenhuma informação de depuração
SOIL.lib(stb_image_aug.obj) : warning LNK4099: PDB 'vc110.pdb' não foi encontrado 'SOIL.lib(stb_image_aug.obj)' ou no 'C:\GitHub\Erick-SombraProjetada\CG - Geometry Shader\Project\x64\Debug\vc110.pdb'; vinculando objeto quando quando sem nenhuma informação de depuração
SOIL.lib(image_helper.obj) : warning LNK4099: PDB 'vc110.pdb' não foi encontrado 'SOIL.lib(image_helper.obj)' ou no 'C:\GitHub\Erick-SombraProjetada\CG - Geometry Shader\Project\x64\Debug\vc110.pdb'; vinculando objeto quando quando sem nenhuma informação de depuração
SOIL.lib(image_DXT.obj) : warning LNK4099: PDB 'vc110.pdb' não foi encontrado 'SOIL.lib(image_DXT.obj)' ou no 'C:\GitHub\Erick-SombraProjetada\CG - Geometry Shader\Project\x64\Debug\vc110.pdb'; vinculando objeto quando quando sem nenhuma informação de depuração
  Project.vcxproj -> C:\GitHub\Erick-SombraProjetada\CG - Geometry Shader\Project\x64\Debug\Project.exe
